The target system is: Generic - 1 - riscv
The host system is: Linux - 5.4.0-58-generic - x86_64
Compiling the C compiler identification source file "CMakeCCompilerId.c" succeeded.
Compiler: /opt/riscv-gcc/bin/riscv32-unknown-elf-gcc-10.2.0 
Build flags: 
Id flags:  

The output was:
0


Compilation of the C compiler identification source "CMakeCCompilerId.c" produced "a.out"

The C compiler identification is GNU, found in "/mnt/sdb/tmp/RISC-V/longan/nmsis_blinky/blinky/build/CMakeFiles/3.10.2/CompilerIdC/a.out"

Determining if the C compiler works passed with the following output:
Change Dir: /mnt/sdb/tmp/RISC-V/longan/nmsis_blinky/blinky/build/CMakeFiles/CMakeTmp

Run Build Command:"/usr/bin/ninja" "cmTC_e4433"
[1/2] Building C object CMakeFiles/cmTC_e4433.dir/testCCompiler.c.obj
[2/2] Linking C executable cmTC_e4433


Detecting C compiler ABI info compiled with the following output:
Change Dir: /mnt/sdb/tmp/RISC-V/longan/nmsis_blinky/blinky/build/CMakeFiles/CMakeTmp

Run Build Command:"/usr/bin/ninja" "cmTC_19917"
[1/2] Building C object CMakeFiles/cmTC_19917.dir/CMakeCCompilerABI.c.obj
[2/2] Linking C executable cmTC_19917
Using built-in specs.
COLLECT_GCC=/opt/riscv-gcc/bin/riscv32-unknown-elf-gcc-10.2.0
COLLECT_LTO_WRAPPER=/opt/riscv-gcc/libexec/gcc/riscv32-unknown-elf/10.2.0/lto-wrapper
Target: riscv32-unknown-elf
Configured with: /mnt/sdb/tmp/RISC-V/longan/riscv-gnu-toolchain/build/../riscv-gcc/configure --target=riscv32-unknown-elf --prefix=/opt/riscv-gcc --disable-shared --disable-threads --enable-languages=c,c++ --with-system-zlib --enable-tls --with-newlib --with-sysroot=/opt/riscv-gcc/riscv32-unknown-elf --with-native-system-header-dir=/include --disable-libmudflap --disable-libssp --disable-libquadmath --disable-libgomp --disable-nls --disable-tm-clone-registry --src=../../riscv-gcc --disable-multilib --with-abi=ilp32 --with-arch=rv32im --with-tune=rocket 'CFLAGS_FOR_TARGET=-Os   -mcmodel=medlow' 'CXXFLAGS_FOR_TARGET=-Os   -mcmodel=medlow'
Thread model: single
Supported LTO compression algorithms: zlib
gcc version 10.2.0 (GCC) 
COMPILER_PATH=/opt/riscv-gcc/libexec/gcc/riscv32-unknown-elf/10.2.0/:/opt/riscv-gcc/libexec/gcc/riscv32-unknown-elf/10.2.0/:/opt/riscv-gcc/libexec/gcc/riscv32-unknown-elf/:/opt/riscv-gcc/lib/gcc/riscv32-unknown-elf/10.2.0/:/opt/riscv-gcc/lib/gcc/riscv32-unknown-elf/:/opt/riscv-gcc/lib/gcc/riscv32-unknown-elf/10.2.0/../../../../riscv32-unknown-elf/bin/
LIBRARY_PATH=/opt/riscv-gcc/lib/gcc/riscv32-unknown-elf/10.2.0/:/opt/riscv-gcc/lib/gcc/riscv32-unknown-elf/10.2.0/../../../../riscv32-unknown-elf/lib/:/opt/riscv-gcc/riscv32-unknown-elf/lib/
COLLECT_GCC_OPTIONS='-v' '-o' 'cmTC_19917' '-mtune=rocket' '-march=rv32im' '-mabi=ilp32' '-march=rv32im'
 /opt/riscv-gcc/libexec/gcc/riscv32-unknown-elf/10.2.0/collect2 -plugin /opt/riscv-gcc/libexec/gcc/riscv32-unknown-elf/10.2.0/liblto_plugin.so -plugin-opt=/opt/riscv-gcc/libexec/gcc/riscv32-unknown-elf/10.2.0/lto-wrapper -plugin-opt=-fresolution=/tmp/ccufMNJm.res -plugin-opt=-pass-through=-lgcc -plugin-opt=-pass-through=-lc -plugin-opt=-pass-through=-lgloss -plugin-opt=-pass-through=-lgcc --sysroot=/opt/riscv-gcc/riscv32-unknown-elf -melf32lriscv -o cmTC_19917 /opt/riscv-gcc/lib/gcc/riscv32-unknown-elf/10.2.0/../../../../riscv32-unknown-elf/lib/crt0.o /opt/riscv-gcc/lib/gcc/riscv32-unknown-elf/10.2.0/crtbegin.o -L/opt/riscv-gcc/lib/gcc/riscv32-unknown-elf/10.2.0 -L/opt/riscv-gcc/lib/gcc/riscv32-unknown-elf/10.2.0/../../../../riscv32-unknown-elf/lib -L/opt/riscv-gcc/riscv32-unknown-elf/lib CMakeFiles/cmTC_19917.dir/CMakeCCompilerABI.c.obj -lgcc --start-group -lc -lgloss --end-group -lgcc /opt/riscv-gcc/lib/gcc/riscv32-unknown-elf/10.2.0/crtend.o
COLLECT_GCC_OPTIONS='-v' '-o' 'cmTC_19917' '-mtune=rocket' '-march=rv32im' '-mabi=ilp32' '-march=rv32im'


Parsed C implicit link information from above output:
  link line regex: [^( *|.*[/\])(riscv32-unknown-elf-ld|CMAKE_LINK_STARTFILE-NOTFOUND|([^/\]+-)?ld|collect2)[^/\]*( |$)]
  ignore line: [Change Dir: /mnt/sdb/tmp/RISC-V/longan/nmsis_blinky/blinky/build/CMakeFiles/CMakeTmp]
  ignore line: []
  ignore line: [Run Build Command:"/usr/bin/ninja" "cmTC_19917"]
  ignore line: [[1/2] Building C object CMakeFiles/cmTC_19917.dir/CMakeCCompilerABI.c.obj]
  ignore line: [[2/2] Linking C executable cmTC_19917]
  ignore line: [Using built-in specs.]
  ignore line: [COLLECT_GCC=/opt/riscv-gcc/bin/riscv32-unknown-elf-gcc-10.2.0]
  ignore line: [COLLECT_LTO_WRAPPER=/opt/riscv-gcc/libexec/gcc/riscv32-unknown-elf/10.2.0/lto-wrapper]
  ignore line: [Target: riscv32-unknown-elf]
  ignore line: [Configured with: /mnt/sdb/tmp/RISC-V/longan/riscv-gnu-toolchain/build/../riscv-gcc/configure --target=riscv32-unknown-elf --prefix=/opt/riscv-gcc --disable-shared --disable-threads --enable-languages=c,c++ --with-system-zlib --enable-tls --with-newlib --with-sysroot=/opt/riscv-gcc/riscv32-unknown-elf --with-native-system-header-dir=/include --disable-libmudflap --disable-libssp --disable-libquadmath --disable-libgomp --disable-nls --disable-tm-clone-registry --src=../../riscv-gcc --disable-multilib --with-abi=ilp32 --with-arch=rv32im --with-tune=rocket 'CFLAGS_FOR_TARGET=-Os   -mcmodel=medlow' 'CXXFLAGS_FOR_TARGET=-Os   -mcmodel=medlow']
  ignore line: [Thread model: single]
  ignore line: [Supported LTO compression algorithms: zlib]
  ignore line: [gcc version 10.2.0 (GCC) ]
  ignore line: [COMPILER_PATH=/opt/riscv-gcc/libexec/gcc/riscv32-unknown-elf/10.2.0/:/opt/riscv-gcc/libexec/gcc/riscv32-unknown-elf/10.2.0/:/opt/riscv-gcc/libexec/gcc/riscv32-unknown-elf/:/opt/riscv-gcc/lib/gcc/riscv32-unknown-elf/10.2.0/:/opt/riscv-gcc/lib/gcc/riscv32-unknown-elf/:/opt/riscv-gcc/lib/gcc/riscv32-unknown-elf/10.2.0/../../../../riscv32-unknown-elf/bin/]
  ignore line: [LIBRARY_PATH=/opt/riscv-gcc/lib/gcc/riscv32-unknown-elf/10.2.0/:/opt/riscv-gcc/lib/gcc/riscv32-unknown-elf/10.2.0/../../../../riscv32-unknown-elf/lib/:/opt/riscv-gcc/riscv32-unknown-elf/lib/]
  ignore line: [COLLECT_GCC_OPTIONS='-v' '-o' 'cmTC_19917' '-mtune=rocket' '-march=rv32im' '-mabi=ilp32' '-march=rv32im']
  link line: [ /opt/riscv-gcc/libexec/gcc/riscv32-unknown-elf/10.2.0/collect2 -plugin /opt/riscv-gcc/libexec/gcc/riscv32-unknown-elf/10.2.0/liblto_plugin.so -plugin-opt=/opt/riscv-gcc/libexec/gcc/riscv32-unknown-elf/10.2.0/lto-wrapper -plugin-opt=-fresolution=/tmp/ccufMNJm.res -plugin-opt=-pass-through=-lgcc -plugin-opt=-pass-through=-lc -plugin-opt=-pass-through=-lgloss -plugin-opt=-pass-through=-lgcc --sysroot=/opt/riscv-gcc/riscv32-unknown-elf -melf32lriscv -o cmTC_19917 /opt/riscv-gcc/lib/gcc/riscv32-unknown-elf/10.2.0/../../../../riscv32-unknown-elf/lib/crt0.o /opt/riscv-gcc/lib/gcc/riscv32-unknown-elf/10.2.0/crtbegin.o -L/opt/riscv-gcc/lib/gcc/riscv32-unknown-elf/10.2.0 -L/opt/riscv-gcc/lib/gcc/riscv32-unknown-elf/10.2.0/../../../../riscv32-unknown-elf/lib -L/opt/riscv-gcc/riscv32-unknown-elf/lib CMakeFiles/cmTC_19917.dir/CMakeCCompilerABI.c.obj -lgcc --start-group -lc -lgloss --end-group -lgcc /opt/riscv-gcc/lib/gcc/riscv32-unknown-elf/10.2.0/crtend.o]
    arg [/opt/riscv-gcc/libexec/gcc/riscv32-unknown-elf/10.2.0/collect2] ==> ignore
    arg [-plugin] ==> ignore
    arg [/opt/riscv-gcc/libexec/gcc/riscv32-unknown-elf/10.2.0/liblto_plugin.so] ==> ignore
    arg [-plugin-opt=/opt/riscv-gcc/libexec/gcc/riscv32-unknown-elf/10.2.0/lto-wrapper] ==> ignore
    arg [-plugin-opt=-fresolution=/tmp/ccufMNJm.res] ==> ignore
    arg [-plugin-opt=-pass-through=-lgcc] ==> ignore
    arg [-plugin-opt=-pass-through=-lc] ==> ignore
    arg [-plugin-opt=-pass-through=-lgloss] ==> ignore
    arg [-plugin-opt=-pass-through=-lgcc] ==> ignore
    arg [--sysroot=/opt/riscv-gcc/riscv32-unknown-elf] ==> ignore
    arg [-melf32lriscv] ==> ignore
    arg [-o] ==> ignore
    arg [cmTC_19917] ==> ignore
    arg [/opt/riscv-gcc/lib/gcc/riscv32-unknown-elf/10.2.0/../../../../riscv32-unknown-elf/lib/crt0.o] ==> ignore
    arg [/opt/riscv-gcc/lib/gcc/riscv32-unknown-elf/10.2.0/crtbegin.o] ==> ignore
    arg [-L/opt/riscv-gcc/lib/gcc/riscv32-unknown-elf/10.2.0] ==> dir [/opt/riscv-gcc/lib/gcc/riscv32-unknown-elf/10.2.0]
    arg [-L/opt/riscv-gcc/lib/gcc/riscv32-unknown-elf/10.2.0/../../../../riscv32-unknown-elf/lib] ==> dir [/opt/riscv-gcc/lib/gcc/riscv32-unknown-elf/10.2.0/../../../../riscv32-unknown-elf/lib]
    arg [-L/opt/riscv-gcc/riscv32-unknown-elf/lib] ==> dir [/opt/riscv-gcc/riscv32-unknown-elf/lib]
    arg [CMakeFiles/cmTC_19917.dir/CMakeCCompilerABI.c.obj] ==> ignore
    arg [-lgcc] ==> lib [gcc]
    arg [--start-group] ==> ignore
    arg [-lc] ==> lib [c]
    arg [-lgloss] ==> lib [gloss]
    arg [--end-group] ==> ignore
    arg [-lgcc] ==> lib [gcc]
    arg [/opt/riscv-gcc/lib/gcc/riscv32-unknown-elf/10.2.0/crtend.o] ==> ignore
  collapse library dir [/opt/riscv-gcc/lib/gcc/riscv32-unknown-elf/10.2.0] ==> [/opt/riscv-gcc/lib/gcc/riscv32-unknown-elf/10.2.0]
  collapse library dir [/opt/riscv-gcc/lib/gcc/riscv32-unknown-elf/10.2.0/../../../../riscv32-unknown-elf/lib] ==> [/opt/riscv-gcc/riscv32-unknown-elf/lib]
  collapse library dir [/opt/riscv-gcc/riscv32-unknown-elf/lib] ==> [/opt/riscv-gcc/riscv32-unknown-elf/lib]
  implicit libs: [gcc;c;gloss;gcc]
  implicit dirs: [/opt/riscv-gcc/lib/gcc/riscv32-unknown-elf/10.2.0;/opt/riscv-gcc/riscv32-unknown-elf/lib]
  implicit fwks: []




Detecting C [-std=c11] compiler features compiled with the following output:
Change Dir: /mnt/sdb/tmp/RISC-V/longan/nmsis_blinky/blinky/build/CMakeFiles/CMakeTmp

Run Build Command:"/usr/bin/ninja" "cmTC_01233"
[1/2] Building C object CMakeFiles/cmTC_01233.dir/feature_tests.c.obj
[2/2] Linking C executable cmTC_01233


    Feature record: C_FEATURE:1c_function_prototypes
    Feature record: C_FEATURE:1c_restrict
    Feature record: C_FEATURE:1c_static_assert
    Feature record: C_FEATURE:1c_variadic_macros


Detecting C [-std=c99] compiler features compiled with the following output:
Change Dir: /mnt/sdb/tmp/RISC-V/longan/nmsis_blinky/blinky/build/CMakeFiles/CMakeTmp

Run Build Command:"/usr/bin/ninja" "cmTC_aca77"
[1/2] Building C object CMakeFiles/cmTC_aca77.dir/feature_tests.c.obj
[2/2] Linking C executable cmTC_aca77


    Feature record: C_FEATURE:1c_function_prototypes
    Feature record: C_FEATURE:1c_restrict
    Feature record: C_FEATURE:0c_static_assert
    Feature record: C_FEATURE:1c_variadic_macros


Detecting C [-std=c90] compiler features compiled with the following output:
Change Dir: /mnt/sdb/tmp/RISC-V/longan/nmsis_blinky/blinky/build/CMakeFiles/CMakeTmp

Run Build Command:"/usr/bin/ninja" "cmTC_f5f37"
[1/2] Building C object CMakeFiles/cmTC_f5f37.dir/feature_tests.c.obj
[2/2] Linking C executable cmTC_f5f37


    Feature record: C_FEATURE:1c_function_prototypes
    Feature record: C_FEATURE:0c_restrict
    Feature record: C_FEATURE:0c_static_assert
    Feature record: C_FEATURE:0c_variadic_macros
Compiling the CXX compiler identification source file "CMakeCXXCompilerId.cpp" succeeded.
Compiler: /opt/riscv-gcc/bin/riscv32-unknown-elf-c++ 
Build flags: 
Id flags:  

The output was:
0


Compilation of the CXX compiler identification source "CMakeCXXCompilerId.cpp" produced "a.out"

The CXX compiler identification is GNU, found in "/mnt/sdb/tmp/RISC-V/longan/nmsis_blinky/blinky/build/CMakeFiles/3.10.2/CompilerIdCXX/a.out"

Determining if the CXX compiler works passed with the following output:
Change Dir: /mnt/sdb/tmp/RISC-V/longan/nmsis_blinky/blinky/build/CMakeFiles/CMakeTmp

Run Build Command:"/usr/bin/ninja" "cmTC_31d39"
[1/2] Building CXX object CMakeFiles/cmTC_31d39.dir/testCXXCompiler.cxx.obj
[2/2] Linking CXX executable cmTC_31d39


Detecting CXX compiler ABI info compiled with the following output:
Change Dir: /mnt/sdb/tmp/RISC-V/longan/nmsis_blinky/blinky/build/CMakeFiles/CMakeTmp

Run Build Command:"/usr/bin/ninja" "cmTC_d9683"
[1/2] Building CXX object CMakeFiles/cmTC_d9683.dir/CMakeCXXCompilerABI.cpp.obj
[2/2] Linking CXX executable cmTC_d9683
Using built-in specs.
COLLECT_GCC=/opt/riscv-gcc/bin/riscv32-unknown-elf-c++
COLLECT_LTO_WRAPPER=/opt/riscv-gcc/libexec/gcc/riscv32-unknown-elf/10.2.0/lto-wrapper
Target: riscv32-unknown-elf
Configured with: /mnt/sdb/tmp/RISC-V/longan/riscv-gnu-toolchain/build/../riscv-gcc/configure --target=riscv32-unknown-elf --prefix=/opt/riscv-gcc --disable-shared --disable-threads --enable-languages=c,c++ --with-system-zlib --enable-tls --with-newlib --with-sysroot=/opt/riscv-gcc/riscv32-unknown-elf --with-native-system-header-dir=/include --disable-libmudflap --disable-libssp --disable-libquadmath --disable-libgomp --disable-nls --disable-tm-clone-registry --src=../../riscv-gcc --disable-multilib --with-abi=ilp32 --with-arch=rv32im --with-tune=rocket 'CFLAGS_FOR_TARGET=-Os   -mcmodel=medlow' 'CXXFLAGS_FOR_TARGET=-Os   -mcmodel=medlow'
Thread model: single
Supported LTO compression algorithms: zlib
gcc version 10.2.0 (GCC) 
COMPILER_PATH=/opt/riscv-gcc/libexec/gcc/riscv32-unknown-elf/10.2.0/:/opt/riscv-gcc/libexec/gcc/riscv32-unknown-elf/10.2.0/:/opt/riscv-gcc/libexec/gcc/riscv32-unknown-elf/:/opt/riscv-gcc/lib/gcc/riscv32-unknown-elf/10.2.0/:/opt/riscv-gcc/lib/gcc/riscv32-unknown-elf/:/opt/riscv-gcc/lib/gcc/riscv32-unknown-elf/10.2.0/../../../../riscv32-unknown-elf/bin/
LIBRARY_PATH=/opt/riscv-gcc/lib/gcc/riscv32-unknown-elf/10.2.0/:/opt/riscv-gcc/lib/gcc/riscv32-unknown-elf/10.2.0/../../../../riscv32-unknown-elf/lib/:/opt/riscv-gcc/riscv32-unknown-elf/lib/
COLLECT_GCC_OPTIONS='-v' '-o' 'cmTC_d9683' '-mtune=rocket' '-march=rv32im' '-mabi=ilp32' '-march=rv32im'
 /opt/riscv-gcc/libexec/gcc/riscv32-unknown-elf/10.2.0/collect2 -plugin /opt/riscv-gcc/libexec/gcc/riscv32-unknown-elf/10.2.0/liblto_plugin.so -plugin-opt=/opt/riscv-gcc/libexec/gcc/riscv32-unknown-elf/10.2.0/lto-wrapper -plugin-opt=-fresolution=/tmp/ccfwNpky.res -plugin-opt=-pass-through=-lgcc -plugin-opt=-pass-through=-lc -plugin-opt=-pass-through=-lgloss -plugin-opt=-pass-through=-lgcc --sysroot=/opt/riscv-gcc/riscv32-unknown-elf -melf32lriscv -o cmTC_d9683 /opt/riscv-gcc/lib/gcc/riscv32-unknown-elf/10.2.0/../../../../riscv32-unknown-elf/lib/crt0.o /opt/riscv-gcc/lib/gcc/riscv32-unknown-elf/10.2.0/crtbegin.o -L/opt/riscv-gcc/lib/gcc/riscv32-unknown-elf/10.2.0 -L/opt/riscv-gcc/lib/gcc/riscv32-unknown-elf/10.2.0/../../../../riscv32-unknown-elf/lib -L/opt/riscv-gcc/riscv32-unknown-elf/lib CMakeFiles/cmTC_d9683.dir/CMakeCXXCompilerABI.cpp.obj -lstdc++ -lm -lgcc --start-group -lc -lgloss --end-group -lgcc /opt/riscv-gcc/lib/gcc/riscv32-unknown-elf/10.2.0/crtend.o
COLLECT_GCC_OPTIONS='-v' '-o' 'cmTC_d9683' '-mtune=rocket' '-march=rv32im' '-mabi=ilp32' '-march=rv32im'


Parsed CXX implicit link information from above output:
  link line regex: [^( *|.*[/\])(riscv32-unknown-elf-ld|CMAKE_LINK_STARTFILE-NOTFOUND|([^/\]+-)?ld|collect2)[^/\]*( |$)]
  ignore line: [Change Dir: /mnt/sdb/tmp/RISC-V/longan/nmsis_blinky/blinky/build/CMakeFiles/CMakeTmp]
  ignore line: []
  ignore line: [Run Build Command:"/usr/bin/ninja" "cmTC_d9683"]
  ignore line: [[1/2] Building CXX object CMakeFiles/cmTC_d9683.dir/CMakeCXXCompilerABI.cpp.obj]
  ignore line: [[2/2] Linking CXX executable cmTC_d9683]
  ignore line: [Using built-in specs.]
  ignore line: [COLLECT_GCC=/opt/riscv-gcc/bin/riscv32-unknown-elf-c++]
  ignore line: [COLLECT_LTO_WRAPPER=/opt/riscv-gcc/libexec/gcc/riscv32-unknown-elf/10.2.0/lto-wrapper]
  ignore line: [Target: riscv32-unknown-elf]
  ignore line: [Configured with: /mnt/sdb/tmp/RISC-V/longan/riscv-gnu-toolchain/build/../riscv-gcc/configure --target=riscv32-unknown-elf --prefix=/opt/riscv-gcc --disable-shared --disable-threads --enable-languages=c,c++ --with-system-zlib --enable-tls --with-newlib --with-sysroot=/opt/riscv-gcc/riscv32-unknown-elf --with-native-system-header-dir=/include --disable-libmudflap --disable-libssp --disable-libquadmath --disable-libgomp --disable-nls --disable-tm-clone-registry --src=../../riscv-gcc --disable-multilib --with-abi=ilp32 --with-arch=rv32im --with-tune=rocket 'CFLAGS_FOR_TARGET=-Os   -mcmodel=medlow' 'CXXFLAGS_FOR_TARGET=-Os   -mcmodel=medlow']
  ignore line: [Thread model: single]
  ignore line: [Supported LTO compression algorithms: zlib]
  ignore line: [gcc version 10.2.0 (GCC) ]
  ignore line: [COMPILER_PATH=/opt/riscv-gcc/libexec/gcc/riscv32-unknown-elf/10.2.0/:/opt/riscv-gcc/libexec/gcc/riscv32-unknown-elf/10.2.0/:/opt/riscv-gcc/libexec/gcc/riscv32-unknown-elf/:/opt/riscv-gcc/lib/gcc/riscv32-unknown-elf/10.2.0/:/opt/riscv-gcc/lib/gcc/riscv32-unknown-elf/:/opt/riscv-gcc/lib/gcc/riscv32-unknown-elf/10.2.0/../../../../riscv32-unknown-elf/bin/]
  ignore line: [LIBRARY_PATH=/opt/riscv-gcc/lib/gcc/riscv32-unknown-elf/10.2.0/:/opt/riscv-gcc/lib/gcc/riscv32-unknown-elf/10.2.0/../../../../riscv32-unknown-elf/lib/:/opt/riscv-gcc/riscv32-unknown-elf/lib/]
  ignore line: [COLLECT_GCC_OPTIONS='-v' '-o' 'cmTC_d9683' '-mtune=rocket' '-march=rv32im' '-mabi=ilp32' '-march=rv32im']
  link line: [ /opt/riscv-gcc/libexec/gcc/riscv32-unknown-elf/10.2.0/collect2 -plugin /opt/riscv-gcc/libexec/gcc/riscv32-unknown-elf/10.2.0/liblto_plugin.so -plugin-opt=/opt/riscv-gcc/libexec/gcc/riscv32-unknown-elf/10.2.0/lto-wrapper -plugin-opt=-fresolution=/tmp/ccfwNpky.res -plugin-opt=-pass-through=-lgcc -plugin-opt=-pass-through=-lc -plugin-opt=-pass-through=-lgloss -plugin-opt=-pass-through=-lgcc --sysroot=/opt/riscv-gcc/riscv32-unknown-elf -melf32lriscv -o cmTC_d9683 /opt/riscv-gcc/lib/gcc/riscv32-unknown-elf/10.2.0/../../../../riscv32-unknown-elf/lib/crt0.o /opt/riscv-gcc/lib/gcc/riscv32-unknown-elf/10.2.0/crtbegin.o -L/opt/riscv-gcc/lib/gcc/riscv32-unknown-elf/10.2.0 -L/opt/riscv-gcc/lib/gcc/riscv32-unknown-elf/10.2.0/../../../../riscv32-unknown-elf/lib -L/opt/riscv-gcc/riscv32-unknown-elf/lib CMakeFiles/cmTC_d9683.dir/CMakeCXXCompilerABI.cpp.obj -lstdc++ -lm -lgcc --start-group -lc -lgloss --end-group -lgcc /opt/riscv-gcc/lib/gcc/riscv32-unknown-elf/10.2.0/crtend.o]
    arg [/opt/riscv-gcc/libexec/gcc/riscv32-unknown-elf/10.2.0/collect2] ==> ignore
    arg [-plugin] ==> ignore
    arg [/opt/riscv-gcc/libexec/gcc/riscv32-unknown-elf/10.2.0/liblto_plugin.so] ==> ignore
    arg [-plugin-opt=/opt/riscv-gcc/libexec/gcc/riscv32-unknown-elf/10.2.0/lto-wrapper] ==> ignore
    arg [-plugin-opt=-fresolution=/tmp/ccfwNpky.res] ==> ignore
    arg [-plugin-opt=-pass-through=-lgcc] ==> ignore
    arg [-plugin-opt=-pass-through=-lc] ==> ignore
    arg [-plugin-opt=-pass-through=-lgloss] ==> ignore
    arg [-plugin-opt=-pass-through=-lgcc] ==> ignore
    arg [--sysroot=/opt/riscv-gcc/riscv32-unknown-elf] ==> ignore
    arg [-melf32lriscv] ==> ignore
    arg [-o] ==> ignore
    arg [cmTC_d9683] ==> ignore
    arg [/opt/riscv-gcc/lib/gcc/riscv32-unknown-elf/10.2.0/../../../../riscv32-unknown-elf/lib/crt0.o] ==> ignore
    arg [/opt/riscv-gcc/lib/gcc/riscv32-unknown-elf/10.2.0/crtbegin.o] ==> ignore
    arg [-L/opt/riscv-gcc/lib/gcc/riscv32-unknown-elf/10.2.0] ==> dir [/opt/riscv-gcc/lib/gcc/riscv32-unknown-elf/10.2.0]
    arg [-L/opt/riscv-gcc/lib/gcc/riscv32-unknown-elf/10.2.0/../../../../riscv32-unknown-elf/lib] ==> dir [/opt/riscv-gcc/lib/gcc/riscv32-unknown-elf/10.2.0/../../../../riscv32-unknown-elf/lib]
    arg [-L/opt/riscv-gcc/riscv32-unknown-elf/lib] ==> dir [/opt/riscv-gcc/riscv32-unknown-elf/lib]
    arg [CMakeFiles/cmTC_d9683.dir/CMakeCXXCompilerABI.cpp.obj] ==> ignore
    arg [-lstdc++] ==> lib [stdc++]
    arg [-lm] ==> lib [m]
    arg [-lgcc] ==> lib [gcc]
    arg [--start-group] ==> ignore
    arg [-lc] ==> lib [c]
    arg [-lgloss] ==> lib [gloss]
    arg [--end-group] ==> ignore
    arg [-lgcc] ==> lib [gcc]
    arg [/opt/riscv-gcc/lib/gcc/riscv32-unknown-elf/10.2.0/crtend.o] ==> ignore
  collapse library dir [/opt/riscv-gcc/lib/gcc/riscv32-unknown-elf/10.2.0] ==> [/opt/riscv-gcc/lib/gcc/riscv32-unknown-elf/10.2.0]
  collapse library dir [/opt/riscv-gcc/lib/gcc/riscv32-unknown-elf/10.2.0/../../../../riscv32-unknown-elf/lib] ==> [/opt/riscv-gcc/riscv32-unknown-elf/lib]
  collapse library dir [/opt/riscv-gcc/riscv32-unknown-elf/lib] ==> [/opt/riscv-gcc/riscv32-unknown-elf/lib]
  implicit libs: [stdc++;m;gcc;c;gloss;gcc]
  implicit dirs: [/opt/riscv-gcc/lib/gcc/riscv32-unknown-elf/10.2.0;/opt/riscv-gcc/riscv32-unknown-elf/lib]
  implicit fwks: []




Detecting CXX [-std=c++1z] compiler features compiled with the following output:
Change Dir: /mnt/sdb/tmp/RISC-V/longan/nmsis_blinky/blinky/build/CMakeFiles/CMakeTmp

Run Build Command:"/usr/bin/ninja" "cmTC_2dcd4"
[1/2] Building CXX object CMakeFiles/cmTC_2dcd4.dir/feature_tests.cxx.obj
[2/2] Linking CXX executable cmTC_2dcd4


    Feature record: CXX_FEATURE:1cxx_aggregate_default_initializers
    Feature record: CXX_FEATURE:1cxx_alias_templates
    Feature record: CXX_FEATURE:1cxx_alignas
    Feature record: CXX_FEATURE:1cxx_alignof
    Feature record: CXX_FEATURE:1cxx_attributes
    Feature record: CXX_FEATURE:1cxx_attribute_deprecated
    Feature record: CXX_FEATURE:1cxx_auto_type
    Feature record: CXX_FEATURE:1cxx_binary_literals
    Feature record: CXX_FEATURE:1cxx_constexpr
    Feature record: CXX_FEATURE:1cxx_contextual_conversions
    Feature record: CXX_FEATURE:1cxx_decltype
    Feature record: CXX_FEATURE:1cxx_decltype_auto
    Feature record: CXX_FEATURE:1cxx_decltype_incomplete_return_types
    Feature record: CXX_FEATURE:1cxx_default_function_template_args
    Feature record: CXX_FEATURE:1cxx_defaulted_functions
    Feature record: CXX_FEATURE:1cxx_defaulted_move_initializers
    Feature record: CXX_FEATURE:1cxx_delegating_constructors
    Feature record: CXX_FEATURE:1cxx_deleted_functions
    Feature record: CXX_FEATURE:1cxx_digit_separators
    Feature record: CXX_FEATURE:1cxx_enum_forward_declarations
    Feature record: CXX_FEATURE:1cxx_explicit_conversions
    Feature record: CXX_FEATURE:1cxx_extended_friend_declarations
    Feature record: CXX_FEATURE:1cxx_extern_templates
    Feature record: CXX_FEATURE:1cxx_final
    Feature record: CXX_FEATURE:1cxx_func_identifier
    Feature record: CXX_FEATURE:1cxx_generalized_initializers
    Feature record: CXX_FEATURE:1cxx_generic_lambdas
    Feature record: CXX_FEATURE:1cxx_inheriting_constructors
    Feature record: CXX_FEATURE:1cxx_inline_namespaces
    Feature record: CXX_FEATURE:1cxx_lambdas
    Feature record: CXX_FEATURE:1cxx_lambda_init_captures
    Feature record: CXX_FEATURE:1cxx_local_type_template_args
    Feature record: CXX_FEATURE:1cxx_long_long_type
    Feature record: CXX_FEATURE:1cxx_noexcept
    Feature record: CXX_FEATURE:1cxx_nonstatic_member_init
    Feature record: CXX_FEATURE:1cxx_nullptr
    Feature record: CXX_FEATURE:1cxx_override
    Feature record: CXX_FEATURE:1cxx_range_for
    Feature record: CXX_FEATURE:1cxx_raw_string_literals
    Feature record: CXX_FEATURE:1cxx_reference_qualified_functions
    Feature record: CXX_FEATURE:1cxx_relaxed_constexpr
    Feature record: CXX_FEATURE:1cxx_return_type_deduction
    Feature record: CXX_FEATURE:1cxx_right_angle_brackets
    Feature record: CXX_FEATURE:1cxx_rvalue_references
    Feature record: CXX_FEATURE:1cxx_sizeof_member
    Feature record: CXX_FEATURE:1cxx_static_assert
    Feature record: CXX_FEATURE:1cxx_strong_enums
    Feature record: CXX_FEATURE:1cxx_template_template_parameters
    Feature record: CXX_FEATURE:1cxx_thread_local
    Feature record: CXX_FEATURE:1cxx_trailing_return_types
    Feature record: CXX_FEATURE:1cxx_unicode_literals
    Feature record: CXX_FEATURE:1cxx_uniform_initialization
    Feature record: CXX_FEATURE:1cxx_unrestricted_unions
    Feature record: CXX_FEATURE:1cxx_user_literals
    Feature record: CXX_FEATURE:1cxx_variable_templates
    Feature record: CXX_FEATURE:1cxx_variadic_macros
    Feature record: CXX_FEATURE:1cxx_variadic_templates


Detecting CXX [-std=c++14] compiler features compiled with the following output:
Change Dir: /mnt/sdb/tmp/RISC-V/longan/nmsis_blinky/blinky/build/CMakeFiles/CMakeTmp

Run Build Command:"/usr/bin/ninja" "cmTC_f08b1"
[1/2] Building CXX object CMakeFiles/cmTC_f08b1.dir/feature_tests.cxx.obj
[2/2] Linking CXX executable cmTC_f08b1


    Feature record: CXX_FEATURE:1cxx_aggregate_default_initializers
    Feature record: CXX_FEATURE:1cxx_alias_templates
    Feature record: CXX_FEATURE:1cxx_alignas
    Feature record: CXX_FEATURE:1cxx_alignof
    Feature record: CXX_FEATURE:1cxx_attributes
    Feature record: CXX_FEATURE:1cxx_attribute_deprecated
    Feature record: CXX_FEATURE:1cxx_auto_type
    Feature record: CXX_FEATURE:1cxx_binary_literals
    Feature record: CXX_FEATURE:1cxx_constexpr
    Feature record: CXX_FEATURE:1cxx_contextual_conversions
    Feature record: CXX_FEATURE:1cxx_decltype
    Feature record: CXX_FEATURE:1cxx_decltype_auto
    Feature record: CXX_FEATURE:1cxx_decltype_incomplete_return_types
    Feature record: CXX_FEATURE:1cxx_default_function_template_args
    Feature record: CXX_FEATURE:1cxx_defaulted_functions
    Feature record: CXX_FEATURE:1cxx_defaulted_move_initializers
    Feature record: CXX_FEATURE:1cxx_delegating_constructors
    Feature record: CXX_FEATURE:1cxx_deleted_functions
    Feature record: CXX_FEATURE:1cxx_digit_separators
    Feature record: CXX_FEATURE:1cxx_enum_forward_declarations
    Feature record: CXX_FEATURE:1cxx_explicit_conversions
    Feature record: CXX_FEATURE:1cxx_extended_friend_declarations
    Feature record: CXX_FEATURE:1cxx_extern_templates
    Feature record: CXX_FEATURE:1cxx_final
    Feature record: CXX_FEATURE:1cxx_func_identifier
    Feature record: CXX_FEATURE:1cxx_generalized_initializers
    Feature record: CXX_FEATURE:1cxx_generic_lambdas
    Feature record: CXX_FEATURE:1cxx_inheriting_constructors
    Feature record: CXX_FEATURE:1cxx_inline_namespaces
    Feature record: CXX_FEATURE:1cxx_lambdas
    Feature record: CXX_FEATURE:1cxx_lambda_init_captures
    Feature record: CXX_FEATURE:1cxx_local_type_template_args
    Feature record: CXX_FEATURE:1cxx_long_long_type
    Feature record: CXX_FEATURE:1cxx_noexcept
    Feature record: CXX_FEATURE:1cxx_nonstatic_member_init
    Feature record: CXX_FEATURE:1cxx_nullptr
    Feature record: CXX_FEATURE:1cxx_override
    Feature record: CXX_FEATURE:1cxx_range_for
    Feature record: CXX_FEATURE:1cxx_raw_string_literals
    Feature record: CXX_FEATURE:1cxx_reference_qualified_functions
    Feature record: CXX_FEATURE:1cxx_relaxed_constexpr
    Feature record: CXX_FEATURE:1cxx_return_type_deduction
    Feature record: CXX_FEATURE:1cxx_right_angle_brackets
    Feature record: CXX_FEATURE:1cxx_rvalue_references
    Feature record: CXX_FEATURE:1cxx_sizeof_member
    Feature record: CXX_FEATURE:1cxx_static_assert
    Feature record: CXX_FEATURE:1cxx_strong_enums
    Feature record: CXX_FEATURE:1cxx_template_template_parameters
    Feature record: CXX_FEATURE:1cxx_thread_local
    Feature record: CXX_FEATURE:1cxx_trailing_return_types
    Feature record: CXX_FEATURE:1cxx_unicode_literals
    Feature record: CXX_FEATURE:1cxx_uniform_initialization
    Feature record: CXX_FEATURE:1cxx_unrestricted_unions
    Feature record: CXX_FEATURE:1cxx_user_literals
    Feature record: CXX_FEATURE:1cxx_variable_templates
    Feature record: CXX_FEATURE:1cxx_variadic_macros
    Feature record: CXX_FEATURE:1cxx_variadic_templates


Detecting CXX [-std=c++11] compiler features compiled with the following output:
Change Dir: /mnt/sdb/tmp/RISC-V/longan/nmsis_blinky/blinky/build/CMakeFiles/CMakeTmp

Run Build Command:"/usr/bin/ninja" "cmTC_f650b"
[1/2] Building CXX object CMakeFiles/cmTC_f650b.dir/feature_tests.cxx.obj
[2/2] Linking CXX executable cmTC_f650b


    Feature record: CXX_FEATURE:0cxx_aggregate_default_initializers
    Feature record: CXX_FEATURE:1cxx_alias_templates
    Feature record: CXX_FEATURE:1cxx_alignas
    Feature record: CXX_FEATURE:1cxx_alignof
    Feature record: CXX_FEATURE:1cxx_attributes
    Feature record: CXX_FEATURE:0cxx_attribute_deprecated
    Feature record: CXX_FEATURE:1cxx_auto_type
    Feature record: CXX_FEATURE:0cxx_binary_literals
    Feature record: CXX_FEATURE:1cxx_constexpr
    Feature record: CXX_FEATURE:0cxx_contextual_conversions
    Feature record: CXX_FEATURE:1cxx_decltype
    Feature record: CXX_FEATURE:0cxx_decltype_auto
    Feature record: CXX_FEATURE:1cxx_decltype_incomplete_return_types
    Feature record: CXX_FEATURE:1cxx_default_function_template_args
    Feature record: CXX_FEATURE:1cxx_defaulted_functions
    Feature record: CXX_FEATURE:1cxx_defaulted_move_initializers
    Feature record: CXX_FEATURE:1cxx_delegating_constructors
    Feature record: CXX_FEATURE:1cxx_deleted_functions
    Feature record: CXX_FEATURE:0cxx_digit_separators
    Feature record: CXX_FEATURE:1cxx_enum_forward_declarations
    Feature record: CXX_FEATURE:1cxx_explicit_conversions
    Feature record: CXX_FEATURE:1cxx_extended_friend_declarations
    Feature record: CXX_FEATURE:1cxx_extern_templates
    Feature record: CXX_FEATURE:1cxx_final
    Feature record: CXX_FEATURE:1cxx_func_identifier
    Feature record: CXX_FEATURE:1cxx_generalized_initializers
    Feature record: CXX_FEATURE:0cxx_generic_lambdas
    Feature record: CXX_FEATURE:1cxx_inheriting_constructors
    Feature record: CXX_FEATURE:1cxx_inline_namespaces
    Feature record: CXX_FEATURE:1cxx_lambdas
    Feature record: CXX_FEATURE:0cxx_lambda_init_captures
    Feature record: CXX_FEATURE:1cxx_local_type_template_args
    Feature record: CXX_FEATURE:1cxx_long_long_type
    Feature record: CXX_FEATURE:1cxx_noexcept
    Feature record: CXX_FEATURE:1cxx_nonstatic_member_init
    Feature record: CXX_FEATURE:1cxx_nullptr
    Feature record: CXX_FEATURE:1cxx_override
    Feature record: CXX_FEATURE:1cxx_range_for
    Feature record: CXX_FEATURE:1cxx_raw_string_literals
    Feature record: CXX_FEATURE:1cxx_reference_qualified_functions
    Feature record: CXX_FEATURE:0cxx_relaxed_constexpr
    Feature record: CXX_FEATURE:0cxx_return_type_deduction
    Feature record: CXX_FEATURE:1cxx_right_angle_brackets
    Feature record: CXX_FEATURE:1cxx_rvalue_references
    Feature record: CXX_FEATURE:1cxx_sizeof_member
    Feature record: CXX_FEATURE:1cxx_static_assert
    Feature record: CXX_FEATURE:1cxx_strong_enums
    Feature record: CXX_FEATURE:1cxx_template_template_parameters
    Feature record: CXX_FEATURE:1cxx_thread_local
    Feature record: CXX_FEATURE:1cxx_trailing_return_types
    Feature record: CXX_FEATURE:1cxx_unicode_literals
    Feature record: CXX_FEATURE:1cxx_uniform_initialization
    Feature record: CXX_FEATURE:1cxx_unrestricted_unions
    Feature record: CXX_FEATURE:1cxx_user_literals
    Feature record: CXX_FEATURE:0cxx_variable_templates
    Feature record: CXX_FEATURE:1cxx_variadic_macros
    Feature record: CXX_FEATURE:1cxx_variadic_templates


Detecting CXX [-std=c++98] compiler features compiled with the following output:
Change Dir: /mnt/sdb/tmp/RISC-V/longan/nmsis_blinky/blinky/build/CMakeFiles/CMakeTmp

Run Build Command:"/usr/bin/ninja" "cmTC_6f631"
[1/2] Building CXX object CMakeFiles/cmTC_6f631.dir/feature_tests.cxx.obj
[2/2] Linking CXX executable cmTC_6f631


    Feature record: CXX_FEATURE:0cxx_aggregate_default_initializers
    Feature record: CXX_FEATURE:0cxx_alias_templates
    Feature record: CXX_FEATURE:0cxx_alignas
    Feature record: CXX_FEATURE:0cxx_alignof
    Feature record: CXX_FEATURE:0cxx_attributes
    Feature record: CXX_FEATURE:0cxx_attribute_deprecated
    Feature record: CXX_FEATURE:0cxx_auto_type
    Feature record: CXX_FEATURE:0cxx_binary_literals
    Feature record: CXX_FEATURE:0cxx_constexpr
    Feature record: CXX_FEATURE:0cxx_contextual_conversions
    Feature record: CXX_FEATURE:0cxx_decltype
    Feature record: CXX_FEATURE:0cxx_decltype_auto
    Feature record: CXX_FEATURE:0cxx_decltype_incomplete_return_types
    Feature record: CXX_FEATURE:0cxx_default_function_template_args
    Feature record: CXX_FEATURE:0cxx_defaulted_functions
    Feature record: CXX_FEATURE:0cxx_defaulted_move_initializers
    Feature record: CXX_FEATURE:0cxx_delegating_constructors
    Feature record: CXX_FEATURE:0cxx_deleted_functions
    Feature record: CXX_FEATURE:0cxx_digit_separators
    Feature record: CXX_FEATURE:0cxx_enum_forward_declarations
    Feature record: CXX_FEATURE:0cxx_explicit_conversions
    Feature record: CXX_FEATURE:0cxx_extended_friend_declarations
    Feature record: CXX_FEATURE:0cxx_extern_templates
    Feature record: CXX_FEATURE:0cxx_final
    Feature record: CXX_FEATURE:0cxx_func_identifier
    Feature record: CXX_FEATURE:0cxx_generalized_initializers
    Feature record: CXX_FEATURE:0cxx_generic_lambdas
    Feature record: CXX_FEATURE:0cxx_inheriting_constructors
    Feature record: CXX_FEATURE:0cxx_inline_namespaces
    Feature record: CXX_FEATURE:0cxx_lambdas
    Feature record: CXX_FEATURE:0cxx_lambda_init_captures
    Feature record: CXX_FEATURE:0cxx_local_type_template_args
    Feature record: CXX_FEATURE:0cxx_long_long_type
    Feature record: CXX_FEATURE:0cxx_noexcept
    Feature record: CXX_FEATURE:0cxx_nonstatic_member_init
    Feature record: CXX_FEATURE:0cxx_nullptr
    Feature record: CXX_FEATURE:0cxx_override
    Feature record: CXX_FEATURE:0cxx_range_for
    Feature record: CXX_FEATURE:0cxx_raw_string_literals
    Feature record: CXX_FEATURE:0cxx_reference_qualified_functions
    Feature record: CXX_FEATURE:0cxx_relaxed_constexpr
    Feature record: CXX_FEATURE:0cxx_return_type_deduction
    Feature record: CXX_FEATURE:0cxx_right_angle_brackets
    Feature record: CXX_FEATURE:0cxx_rvalue_references
    Feature record: CXX_FEATURE:0cxx_sizeof_member
    Feature record: CXX_FEATURE:0cxx_static_assert
    Feature record: CXX_FEATURE:0cxx_strong_enums
    Feature record: CXX_FEATURE:1cxx_template_template_parameters
    Feature record: CXX_FEATURE:0cxx_thread_local
    Feature record: CXX_FEATURE:0cxx_trailing_return_types
    Feature record: CXX_FEATURE:0cxx_unicode_literals
    Feature record: CXX_FEATURE:0cxx_uniform_initialization
    Feature record: CXX_FEATURE:0cxx_unrestricted_unions
    Feature record: CXX_FEATURE:0cxx_user_literals
    Feature record: CXX_FEATURE:0cxx_variable_templates
    Feature record: CXX_FEATURE:0cxx_variadic_macros
    Feature record: CXX_FEATURE:0cxx_variadic_templates
